#
# A fatal error has been detected by the Java Runtime Environment:
#
#  EXCEPTION_ACCESS_VIOLATION (0xc0000005) at pc=0x00007ffd8106ecb8, pid=8640, tid=0x000000000000077c
#
# JRE version: Java(TM) SE Runtime Environment (8.0_191-b12) (build 1.8.0_191-b12)
# Java VM: Java HotSpot(TM) 64-Bit Server VM (25.191-b12 mixed mode windows-amd64 compressed oops)
# Problematic frame:
# C  [ntdll.dll+0xecb8]
#
# Failed to write core dump. Minidumps are not enabled by default on client versions of Windows
#
# If you would like to submit a bug report, please visit:
#   http://bugreport.java.com/bugreport/crash.jsp
# The crash happened outside the Java Virtual Machine in native code.
# See problematic frame for where to report the bug.
#

---------------  T H R E A D  ---------------

Current thread (0x000000002038f000):  JavaThread "Render Thread" [_thread_in_native, id=1916, stack(0x000000002c820000,0x000000002c920000)]

siginfo: ExceptionCode=0xc0000005, reading address 0x00007ffd3e501124

Registers:
RAX=0x0000000000002c49, RBX=0x000000002c91e110, RCX=0x000000000000b130, RDX=0x0000000000000ec4
RSP=0x000000002c91daf0, RBP=0x0000000000000000, RSI=0x00007ffd3e4f6000, RDI=0x00000000000154c9
R8 =0x00007ffd3e370000, R9 =0x000000000000000f, R10=0x0000000000000009, R11=0x00007ffd811cf4e0
R12=0x00007ffd3e3854c9, R13=0x000000002c91e730, R14=0x000000002c91db98, R15=0x000000002c91ead0
RIP=0x00007ffd8106ecb8, EFLAGS=0x0000000000010206

Top of Stack: (sp=0x000000002c91daf0)
0x000000002c91daf0:   000000002c91e110 0000000000000000
0x000000002c91db00:   0000000000000000 000000002c91e730
0x000000002c91db10:   00007ffd3e4f6000 00007ffd3e370000
0x000000002c91db20:   0000b13000197000 000000002c91dc40
0x000000002c91db30:   000000002c91e110 00007ffd8106d57a
0x000000002c91db40:   000000002c91dc40 000000002c91e240
0x000000002c91db50:   00007ffd811c1dd4 0000000000000000
0x000000002c91db60:   000000077c986060 000000002c91e520
0x000000002c91db70:   000000002038f000 000000001ff38998
0x000000002c91db80:   0000000030b24c00 00007ffd811c1dd4
0x000000002c91db90:   0000000000000000 00007ffd3e370000
0x000000002c91dba0:   000000002c91ead0 0000000000000000
0x000000002c91dbb0:   0000000000000000 000000001c388808
0x000000002c91dbc0:   000000002c91e730 0000000000000000
0x000000002c91dbd0:   000000002c91e110 000000002c91e240
0x000000002c91dbe0:   000000002c914000 000000002c920000 

Instructions: (pc=0x00007ffd8106ecb8)
0x00007ffd8106ec98:   aa 4c 8b 44 24 28 33 ed 48 f7 e1 4d 89 06 48 c1
0x00007ffd8106eca8:   ea 03 85 d2 74 60 8d 42 ff 49 2b f8 48 8d 04 40
0x00007ffd8106ecb8:   44 8b 1c 86 4c 8d 14 86 49 3b fb 73 35 44 8d 42
0x00007ffd8106ecc8:   fe 44 8b cd 45 85 c0 78 29 43 8d 04 08 d1 f8 48 


Register to memory mapping:

RAX=0x0000000000002c49 is an unknown value
RBX=0x000000002c91e110 is pointing into the stack for thread: 0x000000002038f000
RCX=0x000000000000b130 is an unknown value
RDX=0x0000000000000ec4 is an unknown value
RSP=0x000000002c91daf0 is pointing into the stack for thread: 0x000000002038f000
RBP=0x0000000000000000 is an unknown value
RSI=0x00007ffd3e4f6000 is an unknown value
RDI=0x00000000000154c9 is an unknown value
R8 =0x00007ffd3e370000 is an unknown value
R9 =0x000000000000000f is an unknown value
R10=0x0000000000000009 is an unknown value
R11=0x00007ffd811cf4e0 is an unknown value
R12=0x00007ffd3e3854c9 is an unknown value
R13=0x000000002c91e730 is pointing into the stack for thread: 0x000000002038f000
R14=0x000000002c91db98 is pointing into the stack for thread: 0x000000002038f000
R15=0x000000002c91ead0 is pointing into the stack for thread: 0x000000002038f000


Stack: [0x000000002c820000,0x000000002c920000],  sp=0x000000002c91daf0,  free space=1014k
Native frames: (J=compiled Java code, j=interpreted, Vv=VM code, C=native code)

Java frames: (J=compiled Java code, j=interpreted, Vv=VM code)
j  sun.java2d.d3d.D3DSurfaceData.initOps(III)V+0
j  sun.java2d.d3d.D3DSurfaceData.<init>(Lsun/awt/windows/WComponentPeer;Lsun/java2d/d3d/D3DGraphicsConfig;IILjava/awt/Image;Ljava/awt/image/ColorModel;IILsun/java2d/pipe/hw/ExtendedBufferCapabilities$VSyncType;I)V+76
j  sun.java2d.d3d.D3DSurfaceData.createData(Lsun/awt/windows/WComponentPeer;Ljava/awt/Image;)Lsun/java2d/d3d/D3DSurfaceData;+117
j  sun.java2d.d3d.D3DVolatileSurfaceManager.initAcceleratedSurface()Lsun/java2d/SurfaceData;+59
j  sun.java2d.d3d.D3DVolatileSurfaceManager.restoreAcceleratedSurface()V+62
j  sun.awt.image.VolatileSurfaceManager.validate(Ljava/awt/GraphicsConfiguration;)I+94
j  sun.awt.image.SunVolatileImage.validate(Ljava/awt/GraphicsConfiguration;)I+5
j  java.awt.Component$FlipBufferStrategy.revalidate(Z)V+82
j  java.awt.Component$FlipBufferStrategy.revalidate()V+2
j  java.awt.Component$FlipBufferStrategy.getDrawGraphics()Ljava/awt/Graphics;+1
j  gui.mainToolbox.Main.render()V+6
J 1117% C2 gui.mainToolbox.Pacemaker.run()V (111 bytes) @ 0x0000000003098844 [0x00000000030987e0+0x64]
j  java.lang.Thread.run()V+11
v  ~StubRoutines::call_stub

---------------  P R O C E S S  ---------------

Java Threads: ( => current thread )
  0x00000000204e7800 JavaThread "Thread-0" daemon [_thread_in_native, id=7724, stack(0x0000000030ce0000,0x0000000030de0000)]
  0x0000000002a3d800 JavaThread "DestroyJavaVM" [_thread_blocked, id=1860, stack(0x0000000002ad0000,0x0000000002bd0000)]
=>0x000000002038f000 JavaThread "Render Thread" [_thread_in_native, id=1916, stack(0x000000002c820000,0x000000002c920000)]
  0x000000002038d000 JavaThread "Key Processor" [_thread_blocked, id=6460, stack(0x000000002c720000,0x000000002c820000)]
  0x00000000205c8800 JavaThread "Turn Thread" daemon [_thread_blocked, id=7236, stack(0x000000002c620000,0x000000002c720000)]
  0x000000001ff2c000 JavaThread "AWT-EventQueue-0" [_thread_blocked, id=8636, stack(0x0000000029cc0000,0x0000000029dc0000)]
  0x000000001fe79800 JavaThread "Image Fetcher 0" daemon [_thread_blocked, id=7056, stack(0x0000000020a90000,0x0000000020b90000)]
  0x000000001fe33000 JavaThread "AWT-Shutdown" [_thread_blocked, id=8456, stack(0x00000000206d0000,0x00000000207d0000)]
  0x000000001fe32800 JavaThread "Java2D Disposer" daemon [_thread_blocked, id=4084, stack(0x00000000205d0000,0x00000000206d0000)]
  0x000000001e0d4800 JavaThread "Service Thread" daemon [_thread_blocked, id=2776, stack(0x000000001fa90000,0x000000001fb90000)]
  0x000000001e054800 JavaThread "C1 CompilerThread3" daemon [_thread_blocked, id=4900, stack(0x000000001f990000,0x000000001fa90000)]
  0x000000001e053800 JavaThread "C2 CompilerThread2" daemon [_thread_blocked, id=2208, stack(0x000000001f890000,0x000000001f990000)]
  0x000000001e051000 JavaThread "C2 CompilerThread1" daemon [_thread_blocked, id=5792, stack(0x000000001f790000,0x000000001f890000)]
  0x000000001e04f800 JavaThread "C2 CompilerThread0" daemon [_thread_blocked, id=9000, stack(0x000000001f690000,0x000000001f790000)]
  0x000000001e04d800 JavaThread "Attach Listener" daemon [_thread_blocked, id=2256, stack(0x000000001f590000,0x000000001f690000)]
  0x000000001e04c800 JavaThread "Signal Dispatcher" daemon [_thread_blocked, id=8676, stack(0x000000001f490000,0x000000001f590000)]
  0x0000000002cce000 JavaThread "Finalizer" daemon [_thread_blocked, id=6152, stack(0x000000001f2a0000,0x000000001f3a0000)]
  0x0000000002cc9000 JavaThread "Reference Handler" daemon [_thread_blocked, id=6016, stack(0x000000001f1a0000,0x000000001f2a0000)]

Other Threads:
  0x000000001e012800 VMThread [stack: 0x000000001f0a0000,0x000000001f1a0000] [id=256]
  0x000000001e0ef800 WatcherThread [stack: 0x000000001fb90000,0x000000001fc90000] [id=5544]

VM state:not at safepoint (normal execution)

VM Mutex/Monitor currently owned by a thread: None

Heap:
 PSYoungGen      total 546816K, used 367040K [0x000000076b000000, 0x000000078dd00000, 0x00000007c0000000)
  eden space 524288K, 67% used [0x000000076b000000,0x0000000780bf5170,0x000000078b000000)
  from space 22528K, 47% used [0x000000078c700000,0x000000078d17b170,0x000000078dd00000)
  to   space 23040K, 0% used [0x000000078b000000,0x000000078b000000,0x000000078c680000)
 ParOldGen       total 175104K, used 14346K [0x00000006c1000000, 0x00000006cbb00000, 0x000000076b000000)
  object space 175104K, 8% used [0x00000006c1000000,0x00000006c1e02bb0,0x00000006cbb00000)
 Metaspace       used 11856K, capacity 12414K, committed 12672K, reserved 1060864K
  class space    used 1451K, capacity 1569K, committed 1664K, reserved 1048576K

Card table byte_map: [0x0000000012090000,0x0000000012890000] byte_map_base: 0x000000000ea88000

Marking Bits: (ParMarkBitMap*) 0x0000000068023e30
 Begin Bits: [0x00000000137e0000, 0x00000000177a0000)
 End Bits:   [0x00000000177a0000, 0x000000001b760000)

Polling page: 0x00000000011a0000

CodeCache: size=245760Kb used=5127Kb max_used=5134Kb free=240632Kb
 bounds [0x0000000002cd0000, 0x00000000031e0000, 0x0000000011cd0000]
 total_blobs=1971 nmethods=1479 adapters=404
 compilation: enabled

Compilation events (10 events):
Event: 2.634 Thread 0x000000001e053800 1475       4       sun.java2d.SunGraphics2D::getCompClip (19 bytes)
Event: 2.635 Thread 0x000000001e053800 nmethod 1475 0x0000000003113e50 code [0x0000000003113f80, 0x0000000003114018]
Event: 2.650 Thread 0x000000001e054800 1476       3       sun.java2d.pipe.Region::isRectangular (13 bytes)
Event: 2.650 Thread 0x000000001e054800 nmethod 1476 0x00000000031d55d0 code [0x00000000031d5720, 0x00000000031d58d0]
Event: 2.682 Thread 0x000000001e04f800 1477       4       tiles.assets.DecoratedWall::paint (28 bytes)
Event: 2.685 Thread 0x000000001e04f800 nmethod 1477 0x00000000031d3350 code [0x00000000031d3500, 0x00000000031d3930]
Event: 2.790 Thread 0x000000001e054800 1478       3       java.lang.Float::isNaN (12 bytes)
Event: 2.790 Thread 0x000000001e054800 nmethod 1478 0x00000000031d2fd0 code [0x00000000031d3120, 0x00000000031d32d0]
Event: 2.840 Thread 0x000000001e054800 1479  s    3       sun.java2d.StateTrackableDelegate::getStateTracker (82 bytes)
Event: 2.840 Thread 0x000000001e054800 nmethod 1479 0x00000000031d4cd0 code [0x00000000031d4e60, 0x00000000031d53d0]

GC Heap History (10 events):
Event: 0.589 GC heap before
{Heap before GC invocations=2 (full 0):
 PSYoungGen      total 76288K, used 73415K [0x000000076b000000, 0x0000000774500000, 0x00000007c0000000)
  eden space 65536K, 95% used [0x000000076b000000,0x000000076ed36a90,0x000000076f000000)
  from space 10752K, 99% used [0x000000076f000000,0x000000076fa7b1a0,0x000000076fa80000)
  to   space 10752K, 0% used [0x0000000773a80000,0x0000000773a80000,0x0000000774500000)
 ParOldGen       total 175104K, used 13046K [0x00000006c1000000, 0x00000006cbb00000, 0x000000076b000000)
  object space 175104K, 7% used [0x00000006c1000000,0x00000006c1cbd970,0x00000006cbb00000)
 Metaspace       used 11542K, capacity 12154K, committed 12416K, reserved 1060864K
  class space    used 1450K, capacity 1569K, committed 1664K, reserved 1048576K
Event: 0.592 GC heap after
Heap after GC invocations=2 (full 0):
 PSYoungGen      total 141824K, used 10748K [0x000000076b000000, 0x0000000774500000, 0x00000007c0000000)
  eden space 131072K, 0% used [0x000000076b000000,0x000000076b000000,0x0000000773000000)
  from space 10752K, 99% used [0x0000000773a80000,0x00000007744ff1c0,0x0000000774500000)
  to   space 10752K, 0% used [0x0000000773000000,0x0000000773000000,0x0000000773a80000)
 ParOldGen       total 175104K, used 13418K [0x00000006c1000000, 0x00000006cbb00000, 0x000000076b000000)
  object space 175104K, 7% used [0x00000006c1000000,0x00000006c1d1aa00,0x00000006cbb00000)
 Metaspace       used 11542K, capacity 12154K, committed 12416K, reserved 1060864K
  class space    used 1450K, capacity 1569K, committed 1664K, reserved 1048576K
}
Event: 0.844 GC heap before
{Heap before GC invocations=3 (full 0):
 PSYoungGen      total 141824K, used 136602K [0x000000076b000000, 0x0000000774500000, 0x00000007c0000000)
  eden space 131072K, 96% used [0x000000076b000000,0x0000000772ae7970,0x0000000773000000)
  from space 10752K, 99% used [0x0000000773a80000,0x00000007744ff1c0,0x0000000774500000)
  to   space 10752K, 0% used [0x0000000773000000,0x0000000773000000,0x0000000773a80000)
 ParOldGen       total 175104K, used 13418K [0x00000006c1000000, 0x00000006cbb00000, 0x000000076b000000)
  object space 175104K, 7% used [0x00000006c1000000,0x00000006c1d1aa00,0x00000006cbb00000)
 Metaspace       used 11564K, capacity 12154K, committed 12416K, reserved 1060864K
  class space    used 1450K, capacity 1569K, committed 1664K, reserved 1048576K
Event: 0.848 GC heap after
Heap after GC invocations=3 (full 0):
 PSYoungGen      total 141824K, used 10743K [0x000000076b000000, 0x000000077c500000, 0x00000007c0000000)
  eden space 131072K, 0% used [0x000000076b000000,0x000000076b000000,0x0000000773000000)
  from space 10752K, 99% used [0x0000000773000000,0x0000000773a7ddd0,0x0000000773a80000)
  to   space 10752K, 0% used [0x000000077ba80000,0x000000077ba80000,0x000000077c500000)
 ParOldGen       total 175104K, used 13794K [0x00000006c1000000, 0x00000006cbb00000, 0x000000076b000000)
  object space 175104K, 7% used [0x00000006c1000000,0x00000006c1d78b30,0x00000006cbb00000)
 Metaspace       used 11564K, capacity 12154K, committed 12416K, reserved 1060864K
  class space    used 1450K, capacity 1569K, committed 1664K, reserved 1048576K
}
Event: 1.099 GC heap before
{Heap before GC invocations=4 (full 0):
 PSYoungGen      total 141824K, used 136813K [0x000000076b000000, 0x000000077c500000, 0x00000007c0000000)
  eden space 131072K, 96% used [0x000000076b000000,0x0000000772b1da28,0x0000000773000000)
  from space 10752K, 99% used [0x0000000773000000,0x0000000773a7ddd0,0x0000000773a80000)
  to   space 10752K, 0% used [0x000000077ba80000,0x000000077ba80000,0x000000077c500000)
 ParOldGen       total 175104K, used 13794K [0x00000006c1000000, 0x00000006cbb00000, 0x000000076b000000)
  object space 175104K, 7% used [0x00000006c1000000,0x00000006c1d78b30,0x00000006cbb00000)
 Metaspace       used 11608K, capacity 12222K, committed 12416K, reserved 1060864K
  class space    used 1450K, capacity 1569K, committed 1664K, reserved 1048576K
Event: 1.102 GC heap after
Heap after GC invocations=4 (full 0):
 PSYoungGen      total 272896K, used 10743K [0x000000076b000000, 0x000000077c500000, 0x00000007c0000000)
  eden space 262144K, 0% used [0x000000076b000000,0x000000076b000000,0x000000077b000000)
  from space 10752K, 99% used [0x000000077ba80000,0x000000077c4fdd90,0x000000077c500000)
  to   space 10752K, 0% used [0x000000077b000000,0x000000077b000000,0x000000077ba80000)
 ParOldGen       total 175104K, used 14002K [0x00000006c1000000, 0x00000006cbb00000, 0x000000076b000000)
  object space 175104K, 7% used [0x00000006c1000000,0x00000006c1dacb60,0x00000006cbb00000)
 Metaspace       used 11608K, capacity 12222K, committed 12416K, reserved 1060864K
  class space    used 1450K, capacity 1569K, committed 1664K, reserved 1048576K
}
Event: 1.626 GC heap before
{Heap before GC invocations=5 (full 0):
 PSYoungGen      total 272896K, used 269563K [0x000000076b000000, 0x000000077c500000, 0x00000007c0000000)
  eden space 262144K, 98% used [0x000000076b000000,0x000000077acc0ed8,0x000000077b000000)
  from space 10752K, 99% used [0x000000077ba80000,0x000000077c4fdd90,0x000000077c500000)
  to   space 10752K, 0% used [0x000000077b000000,0x000000077b000000,0x000000077ba80000)
 ParOldGen       total 175104K, used 14002K [0x00000006c1000000, 0x00000006cbb00000, 0x000000076b000000)
  object space 175104K, 7% used [0x00000006c1000000,0x00000006c1dacb60,0x00000006cbb00000)
 Metaspace       used 11738K, capacity 12350K, committed 12672K, reserved 1060864K
  class space    used 1450K, capacity 1569K, committed 1664K, reserved 1048576K
Event: 1.630 GC heap after
Heap after GC invocations=5 (full 0):
 PSYoungGen      total 272896K, used 10751K [0x000000076b000000, 0x000000078de00000, 0x00000007c0000000)
  eden space 262144K, 0% used [0x000000076b000000,0x000000076b000000,0x000000077b000000)
  from space 10752K, 99% used [0x000000077b000000,0x000000077ba7fda0,0x000000077ba80000)
  to   space 23552K, 0% used [0x000000078c700000,0x000000078c700000,0x000000078de00000)
 ParOldGen       total 175104K, used 14338K [0x00000006c1000000, 0x00000006cbb00000, 0x000000076b000000)
  object space 175104K, 8% used [0x00000006c1000000,0x00000006c1e00bb0,0x00000006cbb00000)
 Metaspace       used 11738K, capacity 12350K, committed 12672K, reserved 1060864K
  class space    used 1450K, capacity 1569K, committed 1664K, reserved 1048576K
}
Event: 2.153 GC heap before
{Heap before GC invocations=6 (full 0):
 PSYoungGen      total 272896K, used 268654K [0x000000076b000000, 0x000000078de00000, 0x00000007c0000000)
  eden space 262144K, 98% used [0x000000076b000000,0x000000077abdbdc0,0x000000077b000000)
  from space 10752K, 99% used [0x000000077b000000,0x000000077ba7fda0,0x000000077ba80000)
  to   space 23552K, 0% used [0x000000078c700000,0x000000078c700000,0x000000078de00000)
 ParOldGen       total 175104K, used 14338K [0x00000006c1000000, 0x00000006cbb00000, 0x000000076b000000)
  object space 175104K, 8% used [0x00000006c1000000,0x00000006c1e00bb0,0x00000006cbb00000)
 Metaspace       used 11799K, capacity 12350K, committed 12672K, reserved 1060864K
  class space    used 1450K, capacity 1569K, committed 1664K, reserved 1048576K
Event: 2.157 GC heap after
Heap after GC invocations=6 (full 0):
 PSYoungGen      total 546816K, used 10732K [0x000000076b000000, 0x000000078dd00000, 0x00000007c0000000)
  eden space 524288K, 0% used [0x000000076b000000,0x000000076b000000,0x000000078b000000)
  from space 22528K, 47% used [0x000000078c700000,0x000000078d17b170,0x000000078dd00000)
  to   space 23040K, 0% used [0x000000078b000000,0x000000078b000000,0x000000078c680000)
 ParOldGen       total 175104K, used 14346K [0x00000006c1000000, 0x00000006cbb00000, 0x000000076b000000)
  object space 175104K, 8% used [0x00000006c1000000,0x00000006c1e02bb0,0x00000006cbb00000)
 Metaspace       used 11799K, capacity 12350K, committed 12672K, reserved 1060864K
  class space    used 1450K, capacity 1569K, committed 1664K, reserved 1048576K
}

Deoptimization events (10 events):
Event: 0.470 Thread 0x000000002038f000 Uncommon trap: reason=bimorphic action=maybe_recompile pc=0x00000000030227cc method=sun.java2d.SunGraphics2D.drawImage(Ljava/awt/Image;IILjava/awt/Color;Ljava/awt/image/ImageObserver;)Z @ 66
Event: 0.470 Thread 0x000000002038f000 Uncommon trap: reason=bimorphic action=maybe_recompile pc=0x000000000304a79c method=sun.java2d.SunGraphics2D.drawImage(Ljava/awt/Image;IILjava/awt/Color;Ljava/awt/image/ImageObserver;)Z @ 66
Event: 0.470 Thread 0x000000002038f000 Uncommon trap: reason=unstable_if action=reinterpret pc=0x0000000003013924 method=sun.java2d.SurfaceData.getSourceSurfaceData(Ljava/awt/Image;ILsun/java2d/loops/CompositeType;Ljava/awt/Color;)Lsun/java2d/SurfaceData; @ 26
Event: 0.470 Thread 0x000000002038f000 Uncommon trap: reason=bimorphic action=maybe_recompile pc=0x00000000030227cc method=sun.java2d.SunGraphics2D.drawImage(Ljava/awt/Image;IILjava/awt/Color;Ljava/awt/image/ImageObserver;)Z @ 66
Event: 0.484 Thread 0x000000002038f000 Uncommon trap: reason=class_check action=maybe_recompile pc=0x000000000301cfa0 method=sun.java2d.Disposer.add(Ljava/lang/Object;Lsun/java2d/DisposerRecord;)V @ 1
Event: 0.485 Thread 0x000000002038f000 Uncommon trap: reason=class_check action=maybe_recompile pc=0x000000000301b5b0 method=sun.java2d.Disposer.add(Ljava/lang/Object;Lsun/java2d/DisposerRecord;)V @ 1
Event: 0.488 Thread 0x000000002038f000 Uncommon trap: reason=unstable_if action=reinterpret pc=0x000000000308b848 method=sun.java2d.loops.RenderCache$Entry.matches(Lsun/java2d/loops/SurfaceType;Lsun/java2d/loops/CompositeType;Lsun/java2d/loops/SurfaceType;)Z @ 13
Event: 0.504 Thread 0x000000002038f000 Uncommon trap: reason=unstable_if action=reinterpret pc=0x000000000309320c method=gui.mainToolbox.Pacemaker.run()V @ 33
Event: 1.289 Thread 0x000000002038f000 Uncommon trap: reason=unstable_if action=reinterpret pc=0x00000000030d5180 method=gui.mainToolbox.Main.paintArea(Llevel/Area;Ljava/awt/Graphics2D;)V @ 117
Event: 1.306 Thread 0x000000002038f000 Uncommon trap: reason=unstable_if action=reinterpret pc=0x00000000030ce288 method=gui.mainToolbox.Main.paintArea(Llevel/Area;Ljava/awt/Graphics2D;)V @ 117

Classes redefined (0 events):
No events

Internal exceptions (10 events):
Event: 2.857 Thread 0x000000002038f000 Implicit null exception at 0x00000000031cf9cc to 0x00000000031d0ce3
Event: 2.857 Thread 0x000000002038f000 Exception <a 'java/lang/NullPointerException'> (0x000000077c97a628) thrown at [C:\re\workspace\8-2-build-windows-amd64-cygwin\jdk8u191\11896\hotspot\src\share\vm\runtime\sharedRuntime.cpp, line 605]
Event: 2.874 Thread 0x000000002038f000 Implicit null exception at 0x00000000031cf9cc to 0x00000000031d0ce3
Event: 2.874 Thread 0x000000002038f000 Exception <a 'java/lang/NullPointerException'> (0x000000077c984d10) thrown at [C:\re\workspace\8-2-build-windows-amd64-cygwin\jdk8u191\11896\hotspot\src\share\vm\runtime\sharedRuntime.cpp, line 605]
Event: 2.874 Thread 0x000000002038f000 Implicit null exception at 0x00000000031cf9cc to 0x00000000031d0ce3
Event: 2.874 Thread 0x000000002038f000 Exception <a 'java/lang/NullPointerException'> (0x000000077c985058) thrown at [C:\re\workspace\8-2-build-windows-amd64-cygwin\jdk8u191\11896\hotspot\src\share\vm\runtime\sharedRuntime.cpp, line 605]
Event: 2.874 Thread 0x000000002038f000 Implicit null exception at 0x00000000031cf9cc to 0x00000000031d0ce3
Event: 2.874 Thread 0x000000002038f000 Exception <a 'java/lang/NullPointerException'> (0x000000077c9853a0) thrown at [C:\re\workspace\8-2-build-windows-amd64-cygwin\jdk8u191\11896\hotspot\src\share\vm\runtime\sharedRuntime.cpp, line 605]
Event: 2.874 Thread 0x000000002038f000 Implicit null exception at 0x00000000031cf9cc to 0x00000000031d0ce3
Event: 2.874 Thread 0x000000002038f000 Exception <a 'java/lang/NullPointerException'> (0x000000077c9856e8) thrown at [C:\re\workspace\8-2-build-windows-amd64-cygwin\jdk8u191\11896\hotspot\src\share\vm\runtime\sharedRuntime.cpp, line 605]

Events (10 events):
Event: 1.626 Executing VM operation: ParallelGCFailedAllocation
Event: 1.630 Executing VM operation: ParallelGCFailedAllocation done
Event: 2.153 Executing VM operation: ParallelGCFailedAllocation
Event: 2.157 Executing VM operation: ParallelGCFailedAllocation done
Event: 2.874 Thread 0x00000000204e7800 Thread added: 0x00000000204e7800
Event: 2.874 Thread 0x00000000204e8000 Thread added: 0x00000000204e8000
Event: 2.875 Thread 0x00000000204e8000 Thread exited: 0x00000000204e8000
Event: 2.875 Thread 0x000000001ff41800 Thread exited: 0x000000001ff41800
Event: 2.875 loading class sun/java2d/pipe/hw/AccelDeviceEventNotifier
Event: 2.875 loading class sun/java2d/pipe/hw/AccelDeviceEventNotifier done


Dynamic libraries:
0x00007ff710510000 - 0x00007ff710547000 	C:\Program Files\Java\jdk1.8.0_191\jre\bin\java.exe
0x00007ffd81060000 - 0x00007ffd81241000 	C:\Windows\SYSTEM32\ntdll.dll
0x00007ffd80070000 - 0x00007ffd80122000 	C:\Windows\System32\KERNEL32.DLL
0x00007ffd7df00000 - 0x00007ffd7e173000 	C:\Windows\System32\KERNELBASE.dll
0x00007ffd7fd20000 - 0x00007ffd7fdc1000 	C:\Windows\System32\ADVAPI32.dll
0x00007ffd7fc80000 - 0x00007ffd7fd1e000 	C:\Windows\System32\msvcrt.dll
0x00007ffd80310000 - 0x00007ffd8036b000 	C:\Windows\System32\sechost.dll
0x00007ffd7fe30000 - 0x00007ffd7ff54000 	C:\Windows\System32\RPCRT4.dll
0x00007ffd7e690000 - 0x00007ffd7e820000 	C:\Windows\System32\USER32.dll
0x00007ffd7d5d0000 - 0x00007ffd7d5f0000 	C:\Windows\System32\win32u.dll
0x00007ffd80210000 - 0x00007ffd80238000 	C:\Windows\System32\GDI32.dll
0x00007ffd7d430000 - 0x00007ffd7d5c2000 	C:\Windows\System32\gdi32full.dll
0x00007ffd7e3f0000 - 0x00007ffd7e48f000 	C:\Windows\System32\msvcp_win.dll
0x00007ffd7de00000 - 0x00007ffd7defa000 	C:\Windows\System32\ucrtbase.dll
0x00007ffd755d0000 - 0x00007ffd75839000 	C:\Windows\WinSxS\amd64_microsoft.windows.common-controls_6595b64144ccf1df_6.0.17134.472_none_fb3f9af53068156d\COMCTL32.dll
0x00007ffd80d00000 - 0x00007ffd81022000 	C:\Windows\System32\combase.dll
0x00007ffd7e180000 - 0x00007ffd7e1fa000 	C:\Windows\System32\bcryptPrimitives.dll
0x00007ffd805c0000 - 0x00007ffd805ed000 	C:\Windows\System32\IMM32.DLL
0x0000000067720000 - 0x00000000677f2000 	C:\Program Files\Java\jdk1.8.0_191\jre\bin\msvcr100.dll
0x0000000067800000 - 0x00000000680a4000 	C:\Program Files\Java\jdk1.8.0_191\jre\bin\server\jvm.dll
0x00007ffd7fc70000 - 0x00007ffd7fc78000 	C:\Windows\System32\PSAPI.DLL
0x00007ffd7a2e0000 - 0x00007ffd7a2e9000 	C:\Windows\SYSTEM32\WSOCK32.dll
0x00007ffd7a210000 - 0x00007ffd7a233000 	C:\Windows\SYSTEM32\WINMM.dll
0x00007ffd786c0000 - 0x00007ffd786ca000 	C:\Windows\SYSTEM32\VERSION.dll
0x00007ffd801a0000 - 0x00007ffd8020c000 	C:\Windows\System32\WS2_32.dll
0x00007ffd7a1e0000 - 0x00007ffd7a20a000 	C:\Windows\SYSTEM32\winmmbase.dll
0x00007ffd7d5f0000 - 0x00007ffd7d639000 	C:\Windows\System32\cfgmgr32.dll
0x00000000676d0000 - 0x00000000676df000 	C:\Program Files\Java\jdk1.8.0_191\jre\bin\verify.dll
0x00000000676a0000 - 0x00000000676c9000 	C:\Program Files\Java\jdk1.8.0_191\jre\bin\java.dll
0x0000000067680000 - 0x0000000067696000 	C:\Program Files\Java\jdk1.8.0_191\jre\bin\zip.dll
0x00007ffd7e830000 - 0x00007ffd7fc70000 	C:\Windows\System32\SHELL32.dll
0x00007ffd7ffc0000 - 0x00007ffd80069000 	C:\Windows\System32\shcore.dll
0x00007ffd7d640000 - 0x00007ffd7dd4d000 	C:\Windows\System32\windows.storage.dll
0x00007ffd7ff60000 - 0x00007ffd7ffb1000 	C:\Windows\System32\shlwapi.dll
0x00007ffd7d410000 - 0x00007ffd7d421000 	C:\Windows\System32\kernel.appcore.dll
0x00007ffd7d3f0000 - 0x00007ffd7d40f000 	C:\Windows\System32\profapi.dll
0x00007ffd7d380000 - 0x00007ffd7d3cc000 	C:\Windows\System32\powrprof.dll
0x00007ffd7d370000 - 0x00007ffd7d37a000 	C:\Windows\System32\FLTLIB.DLL
0x00000000674a0000 - 0x0000000067639000 	C:\Program Files\Java\jdk1.8.0_191\jre\bin\awt.dll
0x00007ffd80240000 - 0x00007ffd80302000 	C:\Windows\System32\OLEAUT32.dll
0x00007ffd7b720000 - 0x00007ffd7b7ab000 	C:\Windows\SYSTEM32\apphelp.dll
0x00007ffd7ba20000 - 0x00007ffd7bab8000 	C:\Windows\system32\uxtheme.dll
0x00007ffd7e510000 - 0x00007ffd7e683000 	C:\Windows\System32\MSCTF.dll
0x00007ffd7bb00000 - 0x00007ffd7bb29000 	C:\Windows\system32\dwmapi.dll
0x00007ffd80370000 - 0x00007ffd804c1000 	C:\Windows\System32\ole32.dll
0x00007ffd6b2f0000 - 0x00007ffd6b410000 	C:\Windows\system32\opengl32.dll
0x00007ffd6dab0000 - 0x00007ffd6dadc000 	C:\Windows\SYSTEM32\GLU32.dll
0x00007ffd7e200000 - 0x00007ffd7e3e2000 	C:\Windows\System32\crypt32.dll
0x00007ffd7d3d0000 - 0x00007ffd7d3e2000 	C:\Windows\System32\MSASN1.dll
0x00007ffd7e490000 - 0x00007ffd7e4e7000 	C:\Windows\System32\WINTRUST.DLL
0x00007ffd7e4f0000 - 0x00007ffd7e50d000 	C:\Windows\System32\imagehlp.dll
0x00007ffd7cda0000 - 0x00007ffd7cdb7000 	C:\Windows\SYSTEM32\CRYPTSP.dll
0x00007ffd7c7d0000 - 0x00007ffd7c803000 	C:\Windows\system32\rsaenh.dll
0x00007ffd7ced0000 - 0x00007ffd7cef5000 	C:\Windows\SYSTEM32\bcrypt.dll
0x00007ffd7cdc0000 - 0x00007ffd7cdcb000 	C:\Windows\SYSTEM32\CRYPTBASE.dll
0x0000000067450000 - 0x0000000067497000 	C:\Program Files\Java\jdk1.8.0_191\jre\bin\fontmanager.dll
0x00007ffd6ec60000 - 0x00007ffd6ecf6000 	C:\Windows\System32\TextInputFramework.dll
0x00007ffd78ae0000 - 0x00007ffd78dfe000 	C:\Windows\System32\CoreUIComponents.dll
0x00007ffd7b4f0000 - 0x00007ffd7b5ca000 	C:\Windows\System32\CoreMessaging.dll
0x00007ffd7c460000 - 0x00007ffd7c491000 	C:\Windows\SYSTEM32\ntmarta.dll
0x00007ffd78860000 - 0x00007ffd789ad000 	C:\Windows\SYSTEM32\wintypes.dll
0x0000000067660000 - 0x000000006767a000 	C:\Program Files\Java\jdk1.8.0_191\jre\bin\net.dll
0x00007ffd7cbf0000 - 0x00007ffd7cc56000 	C:\Windows\system32\mswsock.dll
0x0000000067640000 - 0x0000000067651000 	C:\Program Files\Java\jdk1.8.0_191\jre\bin\nio.dll
0x0000000067400000 - 0x0000000067442000 	C:\Program Files\Java\jdk1.8.0_191\jre\bin\t2k.dll
0x00007ffd6c0f0000 - 0x00007ffd6c2b9000 	C:\Windows\SYSTEM32\dbghelp.dll

VM Arguments:
jvm_args: -Dfile.encoding=UTF-8 
java_command: gui.Game
java_class_path (initial): C:\Users\Adam\Documents\NetBeansProjects\Tavernspiel\Tavernspiel\Tavernspiel\build\classes
Launcher Type: SUN_STANDARD

Environment Variables:
PATH=C:\Program Files (x86)\Common Files\Oracle\Java\javapath;C:\Windows\system32;C:\Windows;C:\Windows\System32\Wbem;C:\Windows\System32\WindowsPowerShell\v1.0\;C:\Windows\System32\OpenSSH\;C:\Users\Adam\AppData\Local\Microsoft\WindowsApps;
USERNAME=Adam
OS=Windows_NT
PROCESSOR_IDENTIFIER=Intel64 Family 6 Model 158 Stepping 10, GenuineIntel



---------------  S Y S T E M  ---------------

OS: Windows 10.0 , 64 bit Build 17134 (10.0.17134.1)

CPU:total 12 (initial active 12) (6 cores per cpu, 2 threads per core) family 6 model 158 stepping 10, cmov, cx8, fxsr, mmx, sse, sse2, sse3, ssse3, sse4.1, sse4.2, popcnt, avx, avx2, aes, clmul, erms, rtm, 3dnowpref, lzcnt, ht, tsc, tscinvbit, bmi1, bmi2, adx

Memory: 4k page, physical 16704888k(12068692k free), swap 19195256k(11498948k free)

vm_info: Java HotSpot(TM) 64-Bit Server VM (25.191-b12) for windows-amd64 JRE (1.8.0_191-b12), built on Oct  6 2018 09:29:03 by "java_re" with MS VC++ 10.0 (VS2010)

time: Sun Dec 30 20:58:22 2018
elapsed time: 2 seconds (0d 0h 0m 2s)

